<?xml version="1.0" encoding="UTF-8"?>
<coverage generated="1637711818948" clover="3.2.0">
  <project timestamp="1637711818948" name="All files">
    <metrics statements="11" coveredstatements="10" conditionals="12" coveredconditionals="11" methods="1" coveredmethods="1" elements="24" coveredelements="22" complexity="0" loc="11" ncloc="11" packages="1" files="1" classes="1"/>
    <file name="rectangleArea.js" path="C:\Users\Plasma\Desktop\Education\_nology\Week5\UnitTesting\rectangleArea.js">
      <metrics statements="11" coveredstatements="10" conditionals="12" coveredconditionals="11" methods="1" coveredmethods="1"/>
      <line num="1" count="1" type="stmt"/>
      <line num="2" count="4" type="stmt"/>
      <line num="3" count="4" type="stmt"/>
      <line num="4" count="4" type="stmt"/>
      <line num="6" count="4" type="cond" truecount="4" falsecount="0"/>
      <line num="7" count="2" type="stmt"/>
      <line num="10" count="2" type="cond" truecount="3" falsecount="1"/>
      <line num="11" count="0" type="stmt"/>
      <line num="14" count="2" type="cond" truecount="4" falsecount="0"/>
      <line num="15" count="1" type="stmt"/>
      <line num="19" count="1" type="stmt"/>
    </file>
  </project>
</coverage>
