{"C:\\Users\\Plasma\\Desktop\\Education\\_nology\\Week5\\UnitTesting\\rectangleArea.js": {"path":"C:\\Users\\Plasma\\Desktop\\Education\\_nology\\Week5\\UnitTesting\\rectangleArea.js","statementMap":{"0":{"start":{"line":1,"column":29},"end":{"line":20,"column":1}},"1":{"start":{"line":2,"column":16},"end":{"line":2,"column":64}},"2":{"start":{"line":3,"column":27},"end":{"line":3,"column":81}},"3":{"start":{"line":4,"column":23},"end":{"line":4,"column":77}},"4":{"start":{"line":6,"column":2},"end":{"line":8,"column":3}},"5":{"start":{"line":7,"column":4},"end":{"line":7,"column":23}},"6":{"start":{"line":10,"column":2},"end":{"line":12,"column":3}},"7":{"start":{"line":11,"column":4},"end":{"line":11,"column":27}},"8":{"start":{"line":14,"column":2},"end":{"line":16,"column":3}},"9":{"start":{"line":15,"column":4},"end":{"line":15,"column":16}},"10":{"start":{"line":19,"column":2},"end":{"line":19,"column":24}}},"fnMap":{"0":{"name":"(anonymous_0)","decl":{"start":{"line":1,"column":29},"end":{"line":1,"column":30}},"loc":{"start":{"line":1,"column":47},"end":{"line":20,"column":1}},"line":1}},"branchMap":{"0":{"loc":{"start":{"line":6,"column":2},"end":{"line":8,"column":3}},"type":"if","locations":[{"start":{"line":6,"column":2},"end":{"line":8,"column":3}},{"start":{},"end":{}}],"line":6},"1":{"loc":{"start":{"line":6,"column":6},"end":{"line":6,"column":23}},"type":"binary-expr","locations":[{"start":{"line":6,"column":6},"end":{"line":6,"column":13}},{"start":{"line":6,"column":17},"end":{"line":6,"column":23}}],"line":6},"2":{"loc":{"start":{"line":10,"column":2},"end":{"line":12,"column":3}},"type":"if","locations":[{"start":{"line":10,"column":2},"end":{"line":12,"column":3}},{"start":{},"end":{}}],"line":10},"3":{"loc":{"start":{"line":10,"column":6},"end":{"line":10,"column":49}},"type":"binary-expr","locations":[{"start":{"line":10,"column":6},"end":{"line":10,"column":25}},{"start":{"line":10,"column":29},"end":{"line":10,"column":49}}],"line":10},"4":{"loc":{"start":{"line":14,"column":2},"end":{"line":16,"column":3}},"type":"if","locations":[{"start":{"line":14,"column":2},"end":{"line":16,"column":3}},{"start":{},"end":{}}],"line":14},"5":{"loc":{"start":{"line":14,"column":5},"end":{"line":14,"column":61}},"type":"binary-expr","locations":[{"start":{"line":14,"column":5},"end":{"line":14,"column":31}},{"start":{"line":14,"column":35},"end":{"line":14,"column":61}}],"line":14}},"s":{"0":1,"1":4,"2":4,"3":4,"4":4,"5":2,"6":2,"7":0,"8":2,"9":1,"10":1},"f":{"0":4},"b":{"0":[2,2],"1":[4,4],"2":[0,2],"3":[2,2],"4":[1,1],"5":[2,1]},"_coverageSchema":"1a1c01bbd47fc00a2c39e90264f33305004495a9","hash":"1533e8e6c2e136bd1fc57b35dd16131c3aa728f4"}
}
